<?xml version="1.0" encoding="UTF-8"?>
<testsuite xmlns:xsi="http://www.w3.org/2001/XMLSchema-instance" xsi:noNamespaceSchemaLocation="https://maven.apache.org/surefire/maven-surefire-plugin/xsd/surefire-test-report-3.0.xsd" version="3.0" name="ut.com.example.plugins.servlet.MyServletTest" time="0.034" tests="1" errors="1" skipped="0" failures="0">
  <properties>
    <property name="java.specification.version" value="24"/>
    <property name="sun.jnu.encoding" value="UTF-8"/>
    <property name="java.class.path" value="/Users/pranjalsharma/Downloads/Classes/Master Thesis/MTGit/pdubey/Phase 5/uvl-jira-plugin/target/test-classes:/Users/pranjalsharma/Downloads/Classes/Master Thesis/MTGit/pdubey/Phase 5/uvl-jira-plugin/target/classes:/Users/pranjalsharma/.m2/repository/com/atlassian/jira/jira-api/9.12.2/jira-api-9.12.2.jar:/Users/pranjalsharma/.m2/repository/com/atlassian/annotations/atlassian-annotations/4.0.0/atlassian-annotations-4.0.0.jar:/Users/pranjalsharma/.m2/repository/com/google/code/findbugs/jsr305/3.0.2/jsr305-3.0.2.jar:/Users/pranjalsharma/.m2/repository/org/checkerframework/checker-qual/2.8.1/checker-qual-2.8.1.jar:/Users/pranjalsharma/.m2/repository/com/atlassian/ofbiz/entityengine-share/3.0.9/entityengine-share-3.0.9.jar:/Users/pranjalsharma/.m2/repository/xerces/xercesImpl/2.12.2/xercesImpl-2.12.2.jar:/Users/pranjalsharma/.m2/repository/xml-apis/xml-apis/1.4.01/xml-apis-1.4.01.jar:/Users/pranjalsharma/.m2/repository/com/atlassian/ofbiz/entityengine/3.0.9/entityengine-3.0.9.jar:/Users/pranjalsharma/.m2/repository/javax/transaction/jta/1.1/jta-1.1.jar:/Users/pranjalsharma/.m2/repository/com/atlassian/collectors/atlassian-collectors-util/1.1/atlassian-collectors-util-1.1.jar:/Users/pranjalsharma/.m2/repository/opensymphony/webwork/1.4-atlassian-31/webwork-1.4-atlassian-31.jar:/Users/pranjalsharma/.m2/repository/com/atlassian/html/atlassian-html-encoder/1.5/atlassian-html-encoder-1.5.jar:/Users/pranjalsharma/.m2/repository/webwork/pell-multipart-request/1.31.0/pell-multipart-request-1.31.0.jar:/Users/pranjalsharma/.m2/repository/com/atlassian/core/atlassian-core/8.0.1/atlassian-core-8.0.1.jar:/Users/pranjalsharma/.m2/repository/commons-collections/commons-collections/3.2.2/commons-collections-3.2.2.jar:/Users/pranjalsharma/.m2/repository/com/atlassian/image/atlassian-image-consumer/1.0.1/atlassian-image-consumer-1.0.1.jar:/Users/pranjalsharma/.m2/repository/com/atlassian/core/atlassian-core-user/8.0.1/atlassian-core-user-8.0.1.jar:/Users/pranjalsharma/.m2/repository/com/atlassian/core/atlassian-core-thumbnail/8.0.1/atlassian-core-thumbnail-8.0.1.jar:/Users/pranjalsharma/.m2/repository/com/atlassian/extras/atlassian-extras/3.4.6/atlassian-extras-3.4.6.jar:/Users/pranjalsharma/.m2/repository/com/atlassian/extras/atlassian-extras-key-manager/3.4.6/atlassian-extras-key-manager-3.4.6.jar:/Users/pranjalsharma/.m2/repository/com/atlassian/extras/atlassian-extras-common/3.4.6/atlassian-extras-common-3.4.6.jar:/Users/pranjalsharma/.m2/repository/com/atlassian/extras/atlassian-extras-api/3.4.6/atlassian-extras-api-3.4.6.jar:/Users/pranjalsharma/.m2/repository/com/atlassian/velocity/atlassian-velocity/1.4/atlassian-velocity-1.4.jar:/Users/pranjalsharma/.m2/repository/org/apache/commons/commons-text/1.10.0/commons-text-1.10.0.jar:/Users/pranjalsharma/.m2/repository/org/apache/velocity/velocity/1.6.4-atlassian-25/velocity-1.6.4-atlassian-25.jar:/Users/pranjalsharma/.m2/repository/opensymphony/oscore/2.3.0-atlassian-1/oscore-2.3.0-atlassian-1.jar:/Users/pranjalsharma/.m2/repository/osworkflow/osworkflow/2.9.0-atlassian-1/osworkflow-2.9.0-atlassian-1.jar:/Users/pranjalsharma/.m2/repository/opensymphony/propertyset/1.5/propertyset-1.5.jar:/Users/pranjalsharma/.m2/repository/com/atlassian/cache/atlassian-cache-api/6.0.2/atlassian-cache-api-6.0.2.jar:/Users/pranjalsharma/.m2/repository/com/atlassian/instrumentation/atlassian-instrumentation-core/3.0.0/atlassian-instrumentation-core-3.0.0.jar:/Users/pranjalsharma/.m2/repository/io/atlassian/util/concurrent/atlassian-util-concurrent/4.0.1/atlassian-util-concurrent-4.0.1.jar:/Users/pranjalsharma/.m2/repository/com/atlassian/beehive/beehive-api/5.0.1/beehive-api-5.0.1.jar:/Users/pranjalsharma/.m2/repository/com/atlassian/tenancy/atlassian-tenancy-api/4.0.1/atlassian-tenancy-api-4.0.1.jar:/Users/pranjalsharma/.m2/repository/com/atlassian/event/atlassian-event/5.0.2/atlassian-event-5.0.2.jar:/Users/pranjalsharma/.m2/repository/com/atlassian/upgrade/upgrade-task-framework-api/2.0.2/upgrade-task-framework-api-2.0.2.jar:/Users/pranjalsharma/.m2/repository/com/atlassian/crowd/embedded-crowd-api/5.0.7/embedded-crowd-api-5.0.7.jar:/Users/pranjalsharma/.m2/repository/com/google/guava/guava/32.1.1-jre/guava-32.1.1-jre.jar:/Users/pranjalsharma/.m2/repository/com/google/guava/failureaccess/1.0.1/failureaccess-1.0.1.jar:/Users/pranjalsharma/.m2/repository/com/google/guava/listenablefuture/9999.0-empty-to-avoid-conflict-with-guava/listenablefuture-9999.0-empty-to-avoid-conflict-with-guava.jar:/Users/pranjalsharma/.m2/repository/com/google/errorprone/error_prone_annotations/2.18.0/error_prone_annotations-2.18.0.jar:/Users/pranjalsharma/.m2/repository/com/google/j2objc/j2objc-annotations/2.8/j2objc-annotations-2.8.jar:/Users/pranjalsharma/.m2/repository/com/atlassian/fugue/fugue/2.7.0/fugue-2.7.0.jar:/Users/pranjalsharma/.m2/repository/io/atlassian/fugue/fugue/5.0.0/fugue-5.0.0.jar:/Users/pranjalsharma/.m2/repository/org/codehaus/jackson/jackson-core-asl/1.9.14-atlassian-6/jackson-core-asl-1.9.14-atlassian-6.jar:/Users/pranjalsharma/.m2/repository/org/codehaus/jackson/jackson-mapper-asl/1.9.14-atlassian-6/jackson-mapper-asl-1.9.14-atlassian-6.jar:/Users/pranjalsharma/.m2/repository/com/sun/mail/jakarta.mail/1.6.5-atlassian-2/jakarta.mail-1.6.5-atlassian-2.jar:/Users/pranjalsharma/.m2/repository/com/sun/activation/jakarta.activation/1.2.1/jakarta.activation-1.2.1.jar:/Users/pranjalsharma/.m2/repository/com/atlassian/mail/atlassian-mail/6.0.1/atlassian-mail-6.0.1.jar:/Users/pranjalsharma/.m2/repository/jakarta/mail/jakarta.mail-api/1.6.5-atlassian-2/jakarta.mail-api-1.6.5-atlassian-2.jar:/Users/pranjalsharma/.m2/repository/jakarta/activation/jakarta.activation-api/1.2.2/jakarta.activation-api-1.2.2.jar:/Users/pranjalsharma/.m2/repository/oro/oro/2.0.7/oro-2.0.7.jar:/Users/pranjalsharma/.m2/repository/com/atlassian/applinks/applinks-api/9.0.15/applinks-api-9.0.15.jar:/Users/pranjalsharma/.m2/repository/com/google/javascript/closure-compiler-unshaded/v20181008/closure-compiler-unshaded-v20181008.jar:/Users/pranjalsharma/.m2/repository/com/google/javascript/closure-compiler-externs/v20181008/closure-compiler-externs-v20181008.jar:/Users/pranjalsharma/.m2/repository/args4j/args4j/2.0.26/args4j-2.0.26.jar:/Users/pranjalsharma/.m2/repository/com/google/jsinterop/jsinterop-annotations/1.0.0/jsinterop-annotations-1.0.0.jar:/Users/pranjalsharma/.m2/repository/com/google/protobuf/protobuf-java/3.21.9/protobuf-java-3.21.9.jar:/Users/pranjalsharma/.m2/repository/com/atlassian/velocity/htmlsafe/velocity-htmlsafe/4.0.1/velocity-htmlsafe-4.0.1.jar:/Users/pranjalsharma/.m2/repository/com/atlassian/plugins/atlassian-plugins-api/7.1.7/atlassian-plugins-api-7.1.7.jar:/Users/pranjalsharma/.m2/repository/com/atlassian/plugins/atlassian-plugins-webfragment/6.0.1/atlassian-plugins-webfragment-6.0.1.jar:/Users/pranjalsharma/.m2/repository/com/atlassian/plugins/atlassian-plugins-webfragment-api/6.0.1/atlassian-plugins-webfragment-api-6.0.1.jar:/Users/pranjalsharma/.m2/repository/com/atlassian/ozymandias/atlassian-plugin-point-safety/1.0.0/atlassian-plugin-point-safety-1.0.0.jar:/Users/pranjalsharma/.m2/repository/jfree/jfreechart/1.0.13/jfreechart-1.0.13.jar:/Users/pranjalsharma/.m2/repository/com/atlassian/plugins/atlassian-plugins-webresource/6.0.5/atlassian-plugins-webresource-6.0.5.jar:/Users/pranjalsharma/.m2/repository/com/atlassian/plugins/atlassian-plugins-webresource-api/6.0.5/atlassian-plugins-webresource-api-6.0.5.jar:/Users/pranjalsharma/.m2/repository/com/atlassian/plugins/atlassian-plugins-webresource-spi/6.0.5/atlassian-plugins-webresource-spi-6.0.5.jar:/Users/pranjalsharma/.m2/repository/com/atlassian/sourcemap/sourcemap/2.0.0/sourcemap-2.0.0.jar:/Users/pranjalsharma/.m2/repository/org/jgrapht/jgrapht-core/1.4.0/jgrapht-core-1.4.0.jar:/Users/pranjalsharma/.m2/repository/org/jheaps/jheaps/0.11/jheaps-0.11.jar:/Users/pranjalsharma/.m2/repository/org/jgrapht/jgrapht-io/1.4.0/jgrapht-io-1.4.0.jar:/Users/pranjalsharma/.m2/repository/org/antlr/antlr4-runtime/4.7.2/antlr4-runtime-4.7.2.jar:/Users/pranjalsharma/.m2/repository/org/tuckey/urlrewritefilter/4.0.4/urlrewritefilter-4.0.4.jar:/Users/pranjalsharma/.m2/repository/com/atlassian/plugins/atlassian-plugins-webresource-compiler-gcc/6.0.5/atlassian-plugins-webresource-compiler-gcc-6.0.5.jar:/Users/pranjalsharma/.m2/repository/jfree/jcommon/1.0.8/jcommon-1.0.8.jar:/Users/pranjalsharma/.m2/repository/com/atlassian/sal/sal-api/5.0.3/sal-api-5.0.3.jar:/Users/pranjalsharma/.m2/repository/com/atlassian/gadgets/atlassian-gadgets-api/8.0.21/atlassian-gadgets-api-8.0.21.jar:/Users/pranjalsharma/.m2/repository/com/atlassian/johnson/atlassian-johnson-core/4.0.0/atlassian-johnson-core-4.0.0.jar:/Users/pranjalsharma/.m2/repository/com/atlassian/plugins/atlassian-plugins-servlet/7.1.7/atlassian-plugins-servlet-7.1.7.jar:/Users/pranjalsharma/.m2/repository/joda-time/joda-time/2.10.5/joda-time-2.10.5.jar:/Users/pranjalsharma/.m2/repository/commons-lang/commons-lang/2.6/commons-lang-2.6.jar:/Users/pranjalsharma/.m2/repository/org/apache/commons/commons-lang3/3.9/commons-lang3-3.9.jar:/Users/pranjalsharma/.m2/repository/commons-io/commons-io/2.8.0/commons-io-2.8.0.jar:/Users/pranjalsharma/.m2/repository/commons-httpclient/commons-httpclient/3.1-jenkins-3/commons-httpclient-3.1-jenkins-3.jar:/Users/pranjalsharma/.m2/repository/org/apache/logging/log4j/log4j-1.2-api/2.17.2/log4j-1.2-api-2.17.2.jar:/Users/pranjalsharma/.m2/repository/org/apache/logging/log4j/log4j-api/2.17.2/log4j-api-2.17.2.jar:/Users/pranjalsharma/.m2/repository/com/atlassian/profiling/atlassian-profiling/4.9.1/atlassian-profiling-4.9.1.jar:/Users/pranjalsharma/.m2/repository/com/atlassian/scheduler/atlassian-scheduler-api/4.0.0/atlassian-scheduler-api-4.0.0.jar:/Users/pranjalsharma/.m2/repository/com/atlassian/analytics/analytics-api/8.2.13/analytics-api-8.2.13.jar:/Users/pranjalsharma/.m2/repository/com/atlassian/application/atlassian-application-api/2.0.0/atlassian-application-api-2.0.0.jar:/Users/pranjalsharma/.m2/repository/javax/validation/validation-api/2.0.1.Final/validation-api-2.0.1.Final.jar:/Users/pranjalsharma/.m2/repository/javax/inject/javax.inject/1/javax.inject-1.jar:/Users/pranjalsharma/.m2/repository/com/atlassian/lucene-extras/7.3.1-atlassian-4/lucene-extras-7.3.1-atlassian-4.jar:/Users/pranjalsharma/.m2/repository/org/dom4j/dom4j/2.1.3/dom4j-2.1.3.jar:/Users/pranjalsharma/.m2/repository/commons-beanutils/commons-beanutils/1.9.4/commons-beanutils-1.9.4.jar:/Users/pranjalsharma/.m2/repository/junit/junit/4.10/junit-4.10.jar:/Users/pranjalsharma/.m2/repository/org/hamcrest/hamcrest-core/1.3/hamcrest-core-1.3.jar:/Users/pranjalsharma/.m2/repository/com/atlassian/plugins/atlassian-plugins-osgi-javaconfig/0.2.0/atlassian-plugins-osgi-javaconfig-0.2.0.jar:/Users/pranjalsharma/.m2/repository/org/apache/felix/org.apache.felix.framework/4.0.0/org.apache.felix.framework-4.0.0.jar:/Users/pranjalsharma/.m2/repository/org/springframework/spring-beans/4.2.5.RELEASE/spring-beans-4.2.5.RELEASE.jar:/Users/pranjalsharma/.m2/repository/org/springframework/spring-core/5.3.29/spring-core-5.3.29.jar:/Users/pranjalsharma/.m2/repository/org/springframework/spring-jcl/5.3.29/spring-jcl-5.3.29.jar:/Users/pranjalsharma/.m2/repository/org/springframework/spring-context/4.2.5.RELEASE/spring-context-4.2.5.RELEASE.jar:/Users/pranjalsharma/.m2/repository/org/springframework/spring-aop/5.3.29/spring-aop-5.3.29.jar:/Users/pranjalsharma/.m2/repository/org/springframework/spring-expression/5.3.29/spring-expression-5.3.29.jar:/Users/pranjalsharma/.m2/repository/com/atlassian/plugins/atlassian-plugins-osgi-testrunner/2.0.5/atlassian-plugins-osgi-testrunner-2.0.5.jar:/Users/pranjalsharma/.m2/repository/org/apache/wink/wink-client/1.1.3-incubating/wink-client-1.1.3-incubating.jar:/Users/pranjalsharma/.m2/repository/org/apache/wink/wink-common/1.1.3-incubating/wink-common-1.1.3-incubating.jar:/Users/pranjalsharma/.m2/repository/org/apache/geronimo/specs/geronimo-annotation_1.1_spec/1.0/geronimo-annotation_1.1_spec-1.0.jar:/Users/pranjalsharma/.m2/repository/javax/xml/bind/jaxb-api/2.3.1/jaxb-api-2.3.1.jar:/Users/pranjalsharma/.m2/repository/javax/activation/javax.activation-api/1.2.0/javax.activation-api-1.2.0.jar:/Users/pranjalsharma/.m2/repository/com/sun/xml/bind/jaxb-impl/2.3.6/jaxb-impl-2.3.6.jar:/Users/pranjalsharma/.m2/repository/jakarta/xml/bind/jakarta.xml.bind-api/2.3.3/jakarta.xml.bind-api-2.3.3.jar:/Users/pranjalsharma/.m2/repository/javax/activation/activation/1.1.1/activation-1.1.1.jar:/Users/pranjalsharma/.m2/repository/com/google/code/gson/gson/2.10.1/gson-2.10.1.jar:/Users/pranjalsharma/.m2/repository/com/atlassian/upm/upm-api/6.0.12/upm-api-6.0.12.jar:/Users/pranjalsharma/.m2/repository/javax/ws/rs/jsr311-api/1.1.1/jsr311-api-1.1.1.jar:/Users/pranjalsharma/.m2/repository/javax/servlet/servlet-api/2.4/servlet-api-2.4.jar:/Users/pranjalsharma/.m2/repository/org/slf4j/slf4j-api/1.6.6/slf4j-api-1.6.6.jar:/Users/pranjalsharma/.m2/repository/org/apache/httpcomponents/httpclient/4.1.1/httpclient-4.1.1.jar:/Users/pranjalsharma/.m2/repository/org/apache/httpcomponents/httpcore/4.4.15/httpcore-4.4.15.jar:/Users/pranjalsharma/.m2/repository/commons-logging/commons-logging/1.1.1/commons-logging-1.1.1.jar:/Users/pranjalsharma/.m2/repository/commons-codec/commons-codec/1.15/commons-codec-1.15.jar:/Users/pranjalsharma/.m2/repository/org/mockito/mockito-all/1.8.5/mockito-all-1.8.5.jar:/Users/pranjalsharma/.m2/repository/javax/json/javax.json-api/1.1.4/javax.json-api-1.1.4.jar:/Users/pranjalsharma/.m2/repository/org/glassfish/javax.json/1.1.4/javax.json-1.1.4.jar:"/>
    <property name="java.vm.vendor" value="Oracle Corporation"/>
    <property name="sun.arch.data.model" value="64"/>
    <property name="java.vendor.url" value="https://java.oracle.com/"/>
    <property name="os.name" value="Mac OS X"/>
    <property name="java.vm.specification.version" value="24"/>
    <property name="sun.java.launcher" value="SUN_STANDARD"/>
    <property name="user.country" value="US"/>
    <property name="sun.boot.library.path" value="/Library/Java/JavaVirtualMachines/jdk-24.jdk/Contents/Home/lib"/>
    <property name="sun.java.command" value="/Users/pranjalsharma/Downloads/Classes/Master Thesis/MTGit/pdubey/Phase 5/uvl-jira-plugin/target/surefire/surefirebooter-20250326195416145_3.jar /Users/pranjalsharma/Downloads/Classes/Master Thesis/MTGit/pdubey/Phase 5/uvl-jira-plugin/target/surefire 2025-03-26T19-54-16_111-jvmRun1 surefire-20250326195416145_1tmp surefire_0-20250326195416145_2tmp"/>
    <property name="jdk.debug" value="release"/>
    <property name="surefire.test.class.path" value="/Users/pranjalsharma/Downloads/Classes/Master Thesis/MTGit/pdubey/Phase 5/uvl-jira-plugin/target/test-classes:/Users/pranjalsharma/Downloads/Classes/Master Thesis/MTGit/pdubey/Phase 5/uvl-jira-plugin/target/classes:/Users/pranjalsharma/.m2/repository/com/atlassian/jira/jira-api/9.12.2/jira-api-9.12.2.jar:/Users/pranjalsharma/.m2/repository/com/atlassian/annotations/atlassian-annotations/4.0.0/atlassian-annotations-4.0.0.jar:/Users/pranjalsharma/.m2/repository/com/google/code/findbugs/jsr305/3.0.2/jsr305-3.0.2.jar:/Users/pranjalsharma/.m2/repository/org/checkerframework/checker-qual/2.8.1/checker-qual-2.8.1.jar:/Users/pranjalsharma/.m2/repository/com/atlassian/ofbiz/entityengine-share/3.0.9/entityengine-share-3.0.9.jar:/Users/pranjalsharma/.m2/repository/xerces/xercesImpl/2.12.2/xercesImpl-2.12.2.jar:/Users/pranjalsharma/.m2/repository/xml-apis/xml-apis/1.4.01/xml-apis-1.4.01.jar:/Users/pranjalsharma/.m2/repository/com/atlassian/ofbiz/entityengine/3.0.9/entityengine-3.0.9.jar:/Users/pranjalsharma/.m2/repository/javax/transaction/jta/1.1/jta-1.1.jar:/Users/pranjalsharma/.m2/repository/com/atlassian/collectors/atlassian-collectors-util/1.1/atlassian-collectors-util-1.1.jar:/Users/pranjalsharma/.m2/repository/opensymphony/webwork/1.4-atlassian-31/webwork-1.4-atlassian-31.jar:/Users/pranjalsharma/.m2/repository/com/atlassian/html/atlassian-html-encoder/1.5/atlassian-html-encoder-1.5.jar:/Users/pranjalsharma/.m2/repository/webwork/pell-multipart-request/1.31.0/pell-multipart-request-1.31.0.jar:/Users/pranjalsharma/.m2/repository/com/atlassian/core/atlassian-core/8.0.1/atlassian-core-8.0.1.jar:/Users/pranjalsharma/.m2/repository/commons-collections/commons-collections/3.2.2/commons-collections-3.2.2.jar:/Users/pranjalsharma/.m2/repository/com/atlassian/image/atlassian-image-consumer/1.0.1/atlassian-image-consumer-1.0.1.jar:/Users/pranjalsharma/.m2/repository/com/atlassian/core/atlassian-core-user/8.0.1/atlassian-core-user-8.0.1.jar:/Users/pranjalsharma/.m2/repository/com/atlassian/core/atlassian-core-thumbnail/8.0.1/atlassian-core-thumbnail-8.0.1.jar:/Users/pranjalsharma/.m2/repository/com/atlassian/extras/atlassian-extras/3.4.6/atlassian-extras-3.4.6.jar:/Users/pranjalsharma/.m2/repository/com/atlassian/extras/atlassian-extras-key-manager/3.4.6/atlassian-extras-key-manager-3.4.6.jar:/Users/pranjalsharma/.m2/repository/com/atlassian/extras/atlassian-extras-common/3.4.6/atlassian-extras-common-3.4.6.jar:/Users/pranjalsharma/.m2/repository/com/atlassian/extras/atlassian-extras-api/3.4.6/atlassian-extras-api-3.4.6.jar:/Users/pranjalsharma/.m2/repository/com/atlassian/velocity/atlassian-velocity/1.4/atlassian-velocity-1.4.jar:/Users/pranjalsharma/.m2/repository/org/apache/commons/commons-text/1.10.0/commons-text-1.10.0.jar:/Users/pranjalsharma/.m2/repository/org/apache/velocity/velocity/1.6.4-atlassian-25/velocity-1.6.4-atlassian-25.jar:/Users/pranjalsharma/.m2/repository/opensymphony/oscore/2.3.0-atlassian-1/oscore-2.3.0-atlassian-1.jar:/Users/pranjalsharma/.m2/repository/osworkflow/osworkflow/2.9.0-atlassian-1/osworkflow-2.9.0-atlassian-1.jar:/Users/pranjalsharma/.m2/repository/opensymphony/propertyset/1.5/propertyset-1.5.jar:/Users/pranjalsharma/.m2/repository/com/atlassian/cache/atlassian-cache-api/6.0.2/atlassian-cache-api-6.0.2.jar:/Users/pranjalsharma/.m2/repository/com/atlassian/instrumentation/atlassian-instrumentation-core/3.0.0/atlassian-instrumentation-core-3.0.0.jar:/Users/pranjalsharma/.m2/repository/io/atlassian/util/concurrent/atlassian-util-concurrent/4.0.1/atlassian-util-concurrent-4.0.1.jar:/Users/pranjalsharma/.m2/repository/com/atlassian/beehive/beehive-api/5.0.1/beehive-api-5.0.1.jar:/Users/pranjalsharma/.m2/repository/com/atlassian/tenancy/atlassian-tenancy-api/4.0.1/atlassian-tenancy-api-4.0.1.jar:/Users/pranjalsharma/.m2/repository/com/atlassian/event/atlassian-event/5.0.2/atlassian-event-5.0.2.jar:/Users/pranjalsharma/.m2/repository/com/atlassian/upgrade/upgrade-task-framework-api/2.0.2/upgrade-task-framework-api-2.0.2.jar:/Users/pranjalsharma/.m2/repository/com/atlassian/crowd/embedded-crowd-api/5.0.7/embedded-crowd-api-5.0.7.jar:/Users/pranjalsharma/.m2/repository/com/google/guava/guava/32.1.1-jre/guava-32.1.1-jre.jar:/Users/pranjalsharma/.m2/repository/com/google/guava/failureaccess/1.0.1/failureaccess-1.0.1.jar:/Users/pranjalsharma/.m2/repository/com/google/guava/listenablefuture/9999.0-empty-to-avoid-conflict-with-guava/listenablefuture-9999.0-empty-to-avoid-conflict-with-guava.jar:/Users/pranjalsharma/.m2/repository/com/google/errorprone/error_prone_annotations/2.18.0/error_prone_annotations-2.18.0.jar:/Users/pranjalsharma/.m2/repository/com/google/j2objc/j2objc-annotations/2.8/j2objc-annotations-2.8.jar:/Users/pranjalsharma/.m2/repository/com/atlassian/fugue/fugue/2.7.0/fugue-2.7.0.jar:/Users/pranjalsharma/.m2/repository/io/atlassian/fugue/fugue/5.0.0/fugue-5.0.0.jar:/Users/pranjalsharma/.m2/repository/org/codehaus/jackson/jackson-core-asl/1.9.14-atlassian-6/jackson-core-asl-1.9.14-atlassian-6.jar:/Users/pranjalsharma/.m2/repository/org/codehaus/jackson/jackson-mapper-asl/1.9.14-atlassian-6/jackson-mapper-asl-1.9.14-atlassian-6.jar:/Users/pranjalsharma/.m2/repository/com/sun/mail/jakarta.mail/1.6.5-atlassian-2/jakarta.mail-1.6.5-atlassian-2.jar:/Users/pranjalsharma/.m2/repository/com/sun/activation/jakarta.activation/1.2.1/jakarta.activation-1.2.1.jar:/Users/pranjalsharma/.m2/repository/com/atlassian/mail/atlassian-mail/6.0.1/atlassian-mail-6.0.1.jar:/Users/pranjalsharma/.m2/repository/jakarta/mail/jakarta.mail-api/1.6.5-atlassian-2/jakarta.mail-api-1.6.5-atlassian-2.jar:/Users/pranjalsharma/.m2/repository/jakarta/activation/jakarta.activation-api/1.2.2/jakarta.activation-api-1.2.2.jar:/Users/pranjalsharma/.m2/repository/oro/oro/2.0.7/oro-2.0.7.jar:/Users/pranjalsharma/.m2/repository/com/atlassian/applinks/applinks-api/9.0.15/applinks-api-9.0.15.jar:/Users/pranjalsharma/.m2/repository/com/google/javascript/closure-compiler-unshaded/v20181008/closure-compiler-unshaded-v20181008.jar:/Users/pranjalsharma/.m2/repository/com/google/javascript/closure-compiler-externs/v20181008/closure-compiler-externs-v20181008.jar:/Users/pranjalsharma/.m2/repository/args4j/args4j/2.0.26/args4j-2.0.26.jar:/Users/pranjalsharma/.m2/repository/com/google/jsinterop/jsinterop-annotations/1.0.0/jsinterop-annotations-1.0.0.jar:/Users/pranjalsharma/.m2/repository/com/google/protobuf/protobuf-java/3.21.9/protobuf-java-3.21.9.jar:/Users/pranjalsharma/.m2/repository/com/atlassian/velocity/htmlsafe/velocity-htmlsafe/4.0.1/velocity-htmlsafe-4.0.1.jar:/Users/pranjalsharma/.m2/repository/com/atlassian/plugins/atlassian-plugins-api/7.1.7/atlassian-plugins-api-7.1.7.jar:/Users/pranjalsharma/.m2/repository/com/atlassian/plugins/atlassian-plugins-webfragment/6.0.1/atlassian-plugins-webfragment-6.0.1.jar:/Users/pranjalsharma/.m2/repository/com/atlassian/plugins/atlassian-plugins-webfragment-api/6.0.1/atlassian-plugins-webfragment-api-6.0.1.jar:/Users/pranjalsharma/.m2/repository/com/atlassian/ozymandias/atlassian-plugin-point-safety/1.0.0/atlassian-plugin-point-safety-1.0.0.jar:/Users/pranjalsharma/.m2/repository/jfree/jfreechart/1.0.13/jfreechart-1.0.13.jar:/Users/pranjalsharma/.m2/repository/com/atlassian/plugins/atlassian-plugins-webresource/6.0.5/atlassian-plugins-webresource-6.0.5.jar:/Users/pranjalsharma/.m2/repository/com/atlassian/plugins/atlassian-plugins-webresource-api/6.0.5/atlassian-plugins-webresource-api-6.0.5.jar:/Users/pranjalsharma/.m2/repository/com/atlassian/plugins/atlassian-plugins-webresource-spi/6.0.5/atlassian-plugins-webresource-spi-6.0.5.jar:/Users/pranjalsharma/.m2/repository/com/atlassian/sourcemap/sourcemap/2.0.0/sourcemap-2.0.0.jar:/Users/pranjalsharma/.m2/repository/org/jgrapht/jgrapht-core/1.4.0/jgrapht-core-1.4.0.jar:/Users/pranjalsharma/.m2/repository/org/jheaps/jheaps/0.11/jheaps-0.11.jar:/Users/pranjalsharma/.m2/repository/org/jgrapht/jgrapht-io/1.4.0/jgrapht-io-1.4.0.jar:/Users/pranjalsharma/.m2/repository/org/antlr/antlr4-runtime/4.7.2/antlr4-runtime-4.7.2.jar:/Users/pranjalsharma/.m2/repository/org/tuckey/urlrewritefilter/4.0.4/urlrewritefilter-4.0.4.jar:/Users/pranjalsharma/.m2/repository/com/atlassian/plugins/atlassian-plugins-webresource-compiler-gcc/6.0.5/atlassian-plugins-webresource-compiler-gcc-6.0.5.jar:/Users/pranjalsharma/.m2/repository/jfree/jcommon/1.0.8/jcommon-1.0.8.jar:/Users/pranjalsharma/.m2/repository/com/atlassian/sal/sal-api/5.0.3/sal-api-5.0.3.jar:/Users/pranjalsharma/.m2/repository/com/atlassian/gadgets/atlassian-gadgets-api/8.0.21/atlassian-gadgets-api-8.0.21.jar:/Users/pranjalsharma/.m2/repository/com/atlassian/johnson/atlassian-johnson-core/4.0.0/atlassian-johnson-core-4.0.0.jar:/Users/pranjalsharma/.m2/repository/com/atlassian/plugins/atlassian-plugins-servlet/7.1.7/atlassian-plugins-servlet-7.1.7.jar:/Users/pranjalsharma/.m2/repository/joda-time/joda-time/2.10.5/joda-time-2.10.5.jar:/Users/pranjalsharma/.m2/repository/commons-lang/commons-lang/2.6/commons-lang-2.6.jar:/Users/pranjalsharma/.m2/repository/org/apache/commons/commons-lang3/3.9/commons-lang3-3.9.jar:/Users/pranjalsharma/.m2/repository/commons-io/commons-io/2.8.0/commons-io-2.8.0.jar:/Users/pranjalsharma/.m2/repository/commons-httpclient/commons-httpclient/3.1-jenkins-3/commons-httpclient-3.1-jenkins-3.jar:/Users/pranjalsharma/.m2/repository/org/apache/logging/log4j/log4j-1.2-api/2.17.2/log4j-1.2-api-2.17.2.jar:/Users/pranjalsharma/.m2/repository/org/apache/logging/log4j/log4j-api/2.17.2/log4j-api-2.17.2.jar:/Users/pranjalsharma/.m2/repository/com/atlassian/profiling/atlassian-profiling/4.9.1/atlassian-profiling-4.9.1.jar:/Users/pranjalsharma/.m2/repository/com/atlassian/scheduler/atlassian-scheduler-api/4.0.0/atlassian-scheduler-api-4.0.0.jar:/Users/pranjalsharma/.m2/repository/com/atlassian/analytics/analytics-api/8.2.13/analytics-api-8.2.13.jar:/Users/pranjalsharma/.m2/repository/com/atlassian/application/atlassian-application-api/2.0.0/atlassian-application-api-2.0.0.jar:/Users/pranjalsharma/.m2/repository/javax/validation/validation-api/2.0.1.Final/validation-api-2.0.1.Final.jar:/Users/pranjalsharma/.m2/repository/javax/inject/javax.inject/1/javax.inject-1.jar:/Users/pranjalsharma/.m2/repository/com/atlassian/lucene-extras/7.3.1-atlassian-4/lucene-extras-7.3.1-atlassian-4.jar:/Users/pranjalsharma/.m2/repository/org/dom4j/dom4j/2.1.3/dom4j-2.1.3.jar:/Users/pranjalsharma/.m2/repository/commons-beanutils/commons-beanutils/1.9.4/commons-beanutils-1.9.4.jar:/Users/pranjalsharma/.m2/repository/junit/junit/4.10/junit-4.10.jar:/Users/pranjalsharma/.m2/repository/org/hamcrest/hamcrest-core/1.3/hamcrest-core-1.3.jar:/Users/pranjalsharma/.m2/repository/com/atlassian/plugins/atlassian-plugins-osgi-javaconfig/0.2.0/atlassian-plugins-osgi-javaconfig-0.2.0.jar:/Users/pranjalsharma/.m2/repository/org/apache/felix/org.apache.felix.framework/4.0.0/org.apache.felix.framework-4.0.0.jar:/Users/pranjalsharma/.m2/repository/org/springframework/spring-beans/4.2.5.RELEASE/spring-beans-4.2.5.RELEASE.jar:/Users/pranjalsharma/.m2/repository/org/springframework/spring-core/5.3.29/spring-core-5.3.29.jar:/Users/pranjalsharma/.m2/repository/org/springframework/spring-jcl/5.3.29/spring-jcl-5.3.29.jar:/Users/pranjalsharma/.m2/repository/org/springframework/spring-context/4.2.5.RELEASE/spring-context-4.2.5.RELEASE.jar:/Users/pranjalsharma/.m2/repository/org/springframework/spring-aop/5.3.29/spring-aop-5.3.29.jar:/Users/pranjalsharma/.m2/repository/org/springframework/spring-expression/5.3.29/spring-expression-5.3.29.jar:/Users/pranjalsharma/.m2/repository/com/atlassian/plugins/atlassian-plugins-osgi-testrunner/2.0.5/atlassian-plugins-osgi-testrunner-2.0.5.jar:/Users/pranjalsharma/.m2/repository/org/apache/wink/wink-client/1.1.3-incubating/wink-client-1.1.3-incubating.jar:/Users/pranjalsharma/.m2/repository/org/apache/wink/wink-common/1.1.3-incubating/wink-common-1.1.3-incubating.jar:/Users/pranjalsharma/.m2/repository/org/apache/geronimo/specs/geronimo-annotation_1.1_spec/1.0/geronimo-annotation_1.1_spec-1.0.jar:/Users/pranjalsharma/.m2/repository/javax/xml/bind/jaxb-api/2.3.1/jaxb-api-2.3.1.jar:/Users/pranjalsharma/.m2/repository/javax/activation/javax.activation-api/1.2.0/javax.activation-api-1.2.0.jar:/Users/pranjalsharma/.m2/repository/com/sun/xml/bind/jaxb-impl/2.3.6/jaxb-impl-2.3.6.jar:/Users/pranjalsharma/.m2/repository/jakarta/xml/bind/jakarta.xml.bind-api/2.3.3/jakarta.xml.bind-api-2.3.3.jar:/Users/pranjalsharma/.m2/repository/javax/activation/activation/1.1.1/activation-1.1.1.jar:/Users/pranjalsharma/.m2/repository/com/google/code/gson/gson/2.10.1/gson-2.10.1.jar:/Users/pranjalsharma/.m2/repository/com/atlassian/upm/upm-api/6.0.12/upm-api-6.0.12.jar:/Users/pranjalsharma/.m2/repository/javax/ws/rs/jsr311-api/1.1.1/jsr311-api-1.1.1.jar:/Users/pranjalsharma/.m2/repository/javax/servlet/servlet-api/2.4/servlet-api-2.4.jar:/Users/pranjalsharma/.m2/repository/org/slf4j/slf4j-api/1.6.6/slf4j-api-1.6.6.jar:/Users/pranjalsharma/.m2/repository/org/apache/httpcomponents/httpclient/4.1.1/httpclient-4.1.1.jar:/Users/pranjalsharma/.m2/repository/org/apache/httpcomponents/httpcore/4.4.15/httpcore-4.4.15.jar:/Users/pranjalsharma/.m2/repository/commons-logging/commons-logging/1.1.1/commons-logging-1.1.1.jar:/Users/pranjalsharma/.m2/repository/commons-codec/commons-codec/1.15/commons-codec-1.15.jar:/Users/pranjalsharma/.m2/repository/org/mockito/mockito-all/1.8.5/mockito-all-1.8.5.jar:/Users/pranjalsharma/.m2/repository/javax/json/javax.json-api/1.1.4/javax.json-api-1.1.4.jar:/Users/pranjalsharma/.m2/repository/org/glassfish/javax.json/1.1.4/javax.json-1.1.4.jar:"/>
    <property name="sun.cpu.endian" value="little"/>
    <property name="user.home" value="/Users/pranjalsharma"/>
    <property name="user.language" value="en"/>
    <property name="java.specification.vendor" value="Oracle Corporation"/>
    <property name="java.version.date" value="2025-03-18"/>
    <property name="java.home" value="/Library/Java/JavaVirtualMachines/jdk-24.jdk/Contents/Home"/>
    <property name="file.separator" value="/"/>
    <property name="basedir" value="/Users/pranjalsharma/Downloads/Classes/Master Thesis/MTGit/pdubey/Phase 5/uvl-jira-plugin"/>
    <property name="java.vm.compressedOopsMode" value="Zero based"/>
    <property name="line.separator" value="&#10;"/>
    <property name="java.specification.name" value="Java Platform API Specification"/>
    <property name="java.vm.specification.vendor" value="Oracle Corporation"/>
    <property name="apple.awt.application.name" value="ForkedBooter"/>
    <property name="surefire.real.class.path" value="/Users/pranjalsharma/Downloads/Classes/Master Thesis/MTGit/pdubey/Phase 5/uvl-jira-plugin/target/surefire/surefirebooter-20250326195416145_3.jar"/>
    <property name="sun.management.compiler" value="HotSpot 64-Bit Tiered Compilers"/>
    <property name="java.runtime.version" value="24+36-3646"/>
    <property name="user.name" value="pranjalsharma"/>
    <property name="stdout.encoding" value="UTF-8"/>
    <property name="path.separator" value=":"/>
    <property name="os.version" value="15.3.2"/>
    <property name="java.runtime.name" value="Java(TM) SE Runtime Environment"/>
    <property name="file.encoding" value="UTF-8"/>
    <property name="java.vm.name" value="Java HotSpot(TM) 64-Bit Server VM"/>
    <property name="localRepository" value="/Users/pranjalsharma/.m2/repository"/>
    <property name="java.vendor.url.bug" value="https://bugreport.java.com/bugreport/"/>
    <property name="java.io.tmpdir" value="/var/folders/j5/tj2xbjps1wg_h47_0qvnxv3h0000gn/T/"/>
    <property name="java.version" value="24"/>
    <property name="user.dir" value="/Users/pranjalsharma/Downloads/Classes/Master Thesis/MTGit/pdubey/Phase 5/uvl-jira-plugin"/>
    <property name="os.arch" value="aarch64"/>
    <property name="java.vm.specification.name" value="Java Virtual Machine Specification"/>
    <property name="native.encoding" value="UTF-8"/>
    <property name="java.library.path" value="/Users/pranjalsharma/Library/Java/Extensions:/Library/Java/Extensions:/Network/Library/Java/Extensions:/System/Library/Java/Extensions:/usr/lib/java:."/>
    <property name="java.vm.info" value="mixed mode, sharing"/>
    <property name="stderr.encoding" value="UTF-8"/>
    <property name="java.vendor" value="Oracle Corporation"/>
    <property name="java.vm.version" value="24+36-3646"/>
    <property name="sun.io.unicode.encoding" value="UnicodeBig"/>
    <property name="java.class.version" value="68.0"/>
  </properties>
  <testcase name="testSomething" classname="ut.com.example.plugins.servlet.MyServletTest" time="0.021">
    <error type="java.lang.ExceptionInInitializerError"><![CDATA[java.lang.ExceptionInInitializerError
	at org.mockito.cglib.core.KeyFactory$Generator.generateClass(KeyFactory.java:167)
	at org.mockito.cglib.core.DefaultGeneratorStrategy.generate(DefaultGeneratorStrategy.java:25)
	at org.mockito.cglib.core.AbstractClassGenerator.create(AbstractClassGenerator.java:217)
	at org.mockito.cglib.core.KeyFactory$Generator.create(KeyFactory.java:145)
	at org.mockito.cglib.core.KeyFactory.create(KeyFactory.java:117)
	at org.mockito.cglib.core.KeyFactory.create(KeyFactory.java:109)
	at org.mockito.cglib.core.KeyFactory.create(KeyFactory.java:105)
	at org.mockito.cglib.proxy.Enhancer.<clinit>(Enhancer.java:70)
	at org.mockito.internal.creation.jmock.ClassImposterizer.createProxyClass(ClassImposterizer.java:68)
	at org.mockito.internal.creation.jmock.ClassImposterizer.imposterise(ClassImposterizer.java:50)
	at org.mockito.internal.util.MockUtil.createMock(MockUtil.java:54)
	at org.mockito.internal.MockitoCore.mock(MockitoCore.java:45)
	at org.mockito.Mockito.mock(Mockito.java:921)
	at org.mockito.Mockito.mock(Mockito.java:816)
	at ut.com.example.plugins.servlet.MyServletTest.setup(MyServletTest.java:21)
	at java.base/jdk.internal.reflect.DirectMethodHandleAccessor.invoke(DirectMethodHandleAccessor.java:104)
	at java.base/java.lang.reflect.Method.invoke(Method.java:565)
	at org.junit.runners.model.FrameworkMethod$1.runReflectiveCall(FrameworkMethod.java:45)
	at org.junit.internal.runners.model.ReflectiveCallable.run(ReflectiveCallable.java:15)
	at org.junit.runners.model.FrameworkMethod.invokeExplosively(FrameworkMethod.java:42)
	at org.junit.internal.runners.statements.RunBefores.evaluate(RunBefores.java:27)
	at org.junit.internal.runners.statements.RunAfters.evaluate(RunAfters.java:30)
	at org.junit.runners.ParentRunner.runLeaf(ParentRunner.java:263)
	at org.junit.runners.BlockJUnit4ClassRunner.runChild(BlockJUnit4ClassRunner.java:68)
	at org.junit.runners.BlockJUnit4ClassRunner.runChild(BlockJUnit4ClassRunner.java:47)
	at org.junit.runners.ParentRunner$3.run(ParentRunner.java:231)
	at org.junit.runners.ParentRunner$1.schedule(ParentRunner.java:60)
	at org.junit.runners.ParentRunner.runChildren(ParentRunner.java:229)
	at org.junit.runners.ParentRunner.access$000(ParentRunner.java:50)
	at org.junit.runners.ParentRunner$2.evaluate(ParentRunner.java:222)
	at org.junit.runners.ParentRunner.run(ParentRunner.java:300)
	at org.apache.maven.surefire.junit4.JUnit4Provider.execute(JUnit4Provider.java:316)
	at org.apache.maven.surefire.junit4.JUnit4Provider.executeWithRerun(JUnit4Provider.java:240)
	at org.apache.maven.surefire.junit4.JUnit4Provider.executeTestSet(JUnit4Provider.java:214)
	at org.apache.maven.surefire.junit4.JUnit4Provider.invoke(JUnit4Provider.java:155)
	at org.apache.maven.surefire.booter.ForkedBooter.runSuitesInProcess(ForkedBooter.java:385)
	at org.apache.maven.surefire.booter.ForkedBooter.execute(ForkedBooter.java:162)
	at org.apache.maven.surefire.booter.ForkedBooter.run(ForkedBooter.java:507)
	at org.apache.maven.surefire.booter.ForkedBooter.main(ForkedBooter.java:495)
Caused by: java.lang.reflect.InaccessibleObjectException: Unable to make protected final java.lang.Class java.lang.ClassLoader.defineClass(java.lang.String,byte[],int,int,java.security.ProtectionDomain) throws java.lang.ClassFormatError accessible: module java.base does not "opens java.lang" to unnamed module @2cb4c3ab
	at java.base/java.lang.reflect.AccessibleObject.throwInaccessibleObjectException(AccessibleObject.java:353)
	at java.base/java.lang.reflect.AccessibleObject.checkCanSetAccessible(AccessibleObject.java:329)
	at java.base/java.lang.reflect.AccessibleObject.checkCanSetAccessible(AccessibleObject.java:277)
	at java.base/java.lang.reflect.Method.checkCanSetAccessible(Method.java:182)
	at java.base/java.lang.reflect.Method.setAccessible(Method.java:176)
	at org.mockito.cglib.core.ReflectUtils$2.run(ReflectUtils.java:57)
	at java.base/java.security.AccessController.doPrivileged(AccessController.java:74)
	at org.mockito.cglib.core.ReflectUtils.<clinit>(ReflectUtils.java:47)
	... 39 more
]]></error>
  </testcase>
</testsuite>